[debug] [2023-08-12T09:52:23.724Z] ----------------------------------------------------------------------
[debug] [2023-08-12T09:52:23.726Z] Command:       C:\Program Files\nodejs\node.exe C:\Users\ASUS\AppData\Roaming\npm\node_modules\firebase-tools\lib\bin\firebase.js init
[debug] [2023-08-12T09:52:23.727Z] CLI Version:   12.4.7
[debug] [2023-08-12T09:52:23.727Z] Platform:      win32
[debug] [2023-08-12T09:52:23.727Z] Node Version:  v16.19.0
[debug] [2023-08-12T09:52:23.729Z] Time:          Sat Aug 12 2023 15:22:23 GMT+0530 (India Standard Time)
[debug] [2023-08-12T09:52:23.729Z] ----------------------------------------------------------------------
[debug] 
[debug] [2023-08-12T09:52:23.737Z] > command requires scopes: ["email","openid","https://www.googleapis.com/auth/cloudplatformprojects.readonly","https://www.googleapis.com/auth/firebase","https://www.googleapis.com/auth/cloud-platform"]
[debug] [2023-08-12T09:52:23.738Z] > authorizing via signed-in user (aaronfernandes53@gmail.com)
[info] 
     ######## #### ########  ######## ########     ###     ######  ########
     ##        ##  ##     ## ##       ##     ##  ##   ##  ##       ##
     ######    ##  ########  ######   ########  #########  ######  ######
     ##        ##  ##    ##  ##       ##     ## ##     ##       ## ##
     ##       #### ##     ## ######## ########  ##     ##  ######  ########

You're about to initialize a Firebase project in this directory:

  C:\Users\ASUS\Desktop\tripGo\trip-go1

[info] 
=== Project Setup
[info] 
[info] First, let's associate this project directory with a Firebase project.
[info] You can create multiple project aliases by running firebase use --add, 
[info] but for now we'll just set up a default project.
[info] 
[debug] [2023-08-12T09:52:33.618Z] > refreshing access token with scopes: []
[debug] [2023-08-12T09:52:33.620Z] >>> [apiv2][query] POST https://www.googleapis.com/oauth2/v3/token [none]
[debug] [2023-08-12T09:52:33.620Z] >>> [apiv2][body] POST https://www.googleapis.com/oauth2/v3/token [omitted]
[debug] [2023-08-12T09:52:33.840Z] <<< [apiv2][status] POST https://www.googleapis.com/oauth2/v3/token 200
[debug] [2023-08-12T09:52:33.840Z] <<< [apiv2][body] POST https://www.googleapis.com/oauth2/v3/token [omitted]
[debug] [2023-08-12T09:52:33.850Z] >>> [apiv2][query] GET https://firebase.googleapis.com/v1beta1/projects pageSize=100
[debug] [2023-08-12T09:52:34.598Z] <<< [apiv2][status] GET https://firebase.googleapis.com/v1beta1/projects 200
[debug] [2023-08-12T09:52:34.598Z] <<< [apiv2][body] GET https://firebase.googleapis.com/v1beta1/projects [omitted]
[info] i  Using project e-commerse-db87e (e-commerse) 
[info] 
=== Hosting Setup
[info] 
[info] Your public directory is the folder (relative to your project directory) that
[info] will contain Hosting assets to be uploaded with firebase deploy. If you
[info] have a build process for your assets, use your build's output directory.
[info] 
